<?xml version="1.0" encoding="UTF-8"?>
<testsuite name="InventoryAggregationServiceUp.TestSuite 1" tests="2" failures="2" errors="0" time="0.378"><properties>
[...]
</properties><testcase name="TestCase 1" time="0.376"><failure type="Cancelling due to failed test step" message="Cancelling due to failed test step"><![CDATA[<h3><b>getCustomerAssetDetail - Request 1 Failed</b></h3><pre>java.net.UnknownHostException: zlt03023.vci.att.com
</pre><hr/>]]></failure></testcase><testcase name="TestCase 2" time="0.0020"><failure type="Cancelling due to failed test step" message="Cancelling due to failed test step"><![CDATA[<h3><b>SOAP Request Failed</b></h3><pre>org.apache.xmlbeans.impl.values.XmlValueOutOfRangeException: string value 'No Authorization' is not a valid enumeration value for type of authType element in Credentials in namespace http://eviware.com/soapui/config
</pre><hr/>]]></failure></testcase></testsuite>